<?xml version="1.0" encoding="UTF-8"?>
<!-- Generated by org.testng.reporters.JUnitReportReporter -->
<testsuite hostname="SMstfa-Lt-10667" failures="0" tests="1" name="PhpTravelsTestCases.validatePasswordIsMandatoryTest" time="3.143" errors="0" timestamp="2022-06-11T19:46:00 EET" skipped="0">
  <testcase classname="PhpTravelsTestCases.validatePasswordIsMandatoryTest" name="VerifyPasswordIsmandatoryTest" time="3.143"/>
</testsuite> <!-- PhpTravelsTestCases.validatePasswordIsMandatoryTest -->
