<?xml version="1.0" encoding="UTF-8"?>
<!-- Generated by org.testng.reporters.JUnitReportReporter -->
<testsuite hostname="SMstfa-Lt-10667" failures="0" tests="3" name="APITestCases.APIsTests" time="4.034" errors="0" timestamp="2022-05-31T21:33:09 EET" skipped="0">
  <testcase classname="APITestCases.APIsTests" name="getmailOfUserById" time="3.073"/>
  <testcase classname="APITestCases.APIsTests" name="verifyPosts" time="0.506"/>
  <testcase classname="APITestCases.APIsTests" name="createPost" time="0.455"/>
</testsuite> <!-- APITestCases.APIsTests -->
