<?xml version="1.0" encoding="UTF-8"?>
<!-- Generated by org.testng.reporters.JUnitReportReporter -->
<testsuite hostname="SMstfa-Lt-10667" failures="0" tests="1" name="websiteTestCases.VideoSearchTestScenario1" time="12.751" errors="0" timestamp="2022-05-31T21:09:36 EET" skipped="0">
  <testcase classname="websiteTestCases.VideoSearchTestScenario1" name="searchForVideoScenario1" time="12.751"/>
</testsuite> <!-- websiteTestCases.VideoSearchTestScenario1 -->
