<?xml version="1.0" encoding="UTF-8"?>
<!-- Generated by org.testng.reporters.JUnitReportReporter -->
<testsuite hostname="SMstfa-Lt-10667" failures="0" tests="1" name="YouTubeTestCases.VideoSearchTestScenario3" time="10.867" errors="0" timestamp="2022-05-31T21:33:09 EET" skipped="0">
  <testcase classname="YouTubeTestCases.VideoSearchTestScenario3" name="searchForVideoScenario1" time="10.867"/>
</testsuite> <!-- YouTubeTestCases.VideoSearchTestScenario3 -->
