<?xml version="1.0" encoding="UTF-8"?>
<!-- Generated by org.testng.reporters.JUnitReportReporter -->
<testsuite hostname="SMstfa-Lt-10667" failures="0" tests="1" name="websiteTestCases.VideoSearchTest" time="10.841" errors="0" timestamp="2022-05-31T13:46:56 EET" skipped="0">
  <testcase classname="websiteTestCases.VideoSearchTest" name="searchForVideoScenario1" time="10.841"/>
</testsuite> <!-- websiteTestCases.VideoSearchTest -->
